TN:
SF:config/index.js
FN:13,validateConfig
FN:26,(anonymous_1)
FN:36,(anonymous_2)
FN:42,(anonymous_3)
FN:49,(anonymous_4)
FN:56,(anonymous_5)
FN:64,generateSecureSecret
FN:68,getJwtSecret
FNF:8
FNH:6
FNDA:3,validateConfig
FNDA:1,(anonymous_1)
FNDA:0,(anonymous_2)
FNDA:6,(anonymous_3)
FNDA:2,(anonymous_4)
FNDA:0,(anonymous_5)
FNDA:5,generateSecureSecret
FNDA:4,getJwtSecret
DA:3,2
DA:4,2
DA:14,3
DA:15,3
DA:17,3
DA:18,2
DA:19,2
DA:20,1
DA:24,2
DA:25,2
DA:26,1
DA:27,1
DA:29,1
DA:30,1
DA:34,2
DA:35,2
DA:36,0
DA:37,0
DA:41,2
DA:42,6
DA:43,0
DA:47,3
DA:48,2
DA:49,2
DA:50,2
DA:51,2
DA:54,1
DA:55,0
DA:56,0
DA:59,1
DA:60,1
DA:65,5
DA:69,4
DA:70,2
DA:71,1
DA:73,1
DA:74,1
DA:75,1
DA:77,2
LF:39
LH:34
BRDA:17,0,0,2
BRDA:17,0,1,1
BRDA:19,1,0,1
BRDA:19,1,1,1
BRDA:25,2,0,1
BRDA:25,2,1,1
BRDA:26,3,0,1
BRDA:26,3,1,0
BRDA:29,4,0,1
BRDA:29,4,1,0
BRDA:35,5,0,0
BRDA:35,5,1,2
BRDA:36,6,0,0
BRDA:36,6,1,0
BRDA:42,7,0,0
BRDA:42,7,1,2
BRDA:42,8,0,2
BRDA:42,8,1,1
BRDA:47,9,0,2
BRDA:47,9,1,1
BRDA:50,10,0,2
BRDA:50,10,1,0
BRDA:54,11,0,0
BRDA:54,11,1,1
BRDA:59,12,0,1
BRDA:59,12,1,0
BRDA:64,13,0,2
BRDA:69,14,0,2
BRDA:69,14,1,2
BRDA:70,15,0,1
BRDA:70,15,1,1
BRF:31
BRH:22
end_of_record
TN:
SF:middleware/auth.js
FN:4,(anonymous_0)
FN:19,(anonymous_1)
FN:39,(anonymous_2)
FN:53,(anonymous_3)
FNF:4
FNH:0
FNDA:0,(anonymous_0)
FNDA:0,(anonymous_1)
FNDA:0,(anonymous_2)
FNDA:0,(anonymous_3)
DA:4,0
DA:5,0
DA:6,0
DA:7,0
DA:9,0
DA:10,0
DA:11,0
DA:12,0
DA:13,0
DA:15,0
DA:19,0
DA:20,0
DA:21,0
DA:22,0
DA:24,0
DA:25,0
DA:26,0
DA:27,0
DA:28,0
DA:29,0
DA:30,0
DA:31,0
DA:33,0
DA:35,0
DA:39,0
DA:40,0
DA:41,0
DA:42,0
DA:43,0
DA:44,0
DA:45,0
DA:46,0
DA:47,0
DA:50,0
DA:53,0
LF:35
LH:0
BRDA:6,0,0,0
BRDA:6,0,1,0
BRDA:21,1,0,0
BRDA:21,1,1,0
BRDA:30,2,0,0
BRDA:30,2,1,0
BRDA:41,3,0,0
BRDA:41,3,1,0
BRF:8
BRH:0
end_of_record
TN:
SF:middleware/errorHandler.js
FN:4,(anonymous_0)
FN:13,(anonymous_1)
FN:48,(anonymous_2)
FN:48,(anonymous_3)
FN:52,(anonymous_4)
FNF:5
FNH:0
FNDA:0,(anonymous_0)
FNDA:0,(anonymous_1)
FNDA:0,(anonymous_2)
FNDA:0,(anonymous_3)
FNDA:0,(anonymous_4)
DA:5,0
DA:6,0
DA:7,0
DA:8,0
DA:9,0
DA:13,0
DA:14,0
DA:16,0
DA:27,0
DA:28,0
DA:35,0
DA:36,0
DA:42,0
DA:48,0
DA:49,0
DA:52,0
DA:53,0
DA:57,0
LF:18
LH:0
BRDA:4,0,0,0
BRDA:14,1,0,0
BRDA:14,2,0,0
BRDA:22,3,0,0
BRDA:22,3,1,0
BRDA:23,4,0,0
BRDA:23,4,1,0
BRDA:27,5,0,0
BRDA:27,5,1,0
BRDA:27,6,0,0
BRDA:27,6,1,0
BRDA:31,7,0,0
BRDA:31,7,1,0
BRDA:35,8,0,0
BRDA:35,8,1,0
BRDA:43,9,0,0
BRDA:43,9,1,0
BRF:17
BRH:0
end_of_record
TN:
SF:middleware/validation.js
FN:3,validate
FN:4,(anonymous_1)
FN:12,(anonymous_2)
FN:159,sanitizeInput
FN:167,sanitizeObject
FNF:5
FNH:5
FNDA:2,validate
FNDA:11,(anonymous_1)
FNDA:4,(anonymous_2)
FNDA:19,sanitizeInput
FNDA:3,sanitizeObject
DA:4,2
DA:5,11
DA:6,11
DA:7,11
DA:8,7
DA:9,7
DA:11,4
DA:12,4
DA:16,4
DA:21,0
DA:27,2
DA:160,19
DA:161,17
DA:168,3
DA:169,3
DA:170,3
DA:171,5
DA:172,3
DA:173,2
DA:174,1
DA:176,1
DA:179,3
LF:22
LH:21
BRDA:3,0,0,2
BRDA:11,1,0,4
BRDA:11,1,1,0
BRDA:160,2,0,2
BRDA:160,2,1,17
BRDA:168,3,0,0
BRDA:168,3,1,3
BRDA:168,4,0,3
BRDA:168,4,1,3
BRDA:171,5,0,3
BRDA:171,5,1,2
BRDA:173,6,0,1
BRDA:173,6,1,1
BRDA:173,7,0,2
BRDA:173,7,1,1
BRF:15
BRH:13
end_of_record
TN:
SF:routes/auth.js
FN:7,(anonymous_0)
FN:18,(anonymous_1)
FN:40,(anonymous_2)
FN:59,(anonymous_3)
FNF:4
FNH:2
FNDA:0,(anonymous_0)
FNDA:4,(anonymous_1)
FNDA:3,(anonymous_2)
FNDA:0,(anonymous_3)
DA:7,1
DA:8,0
DA:9,0
DA:10,0
DA:11,0
DA:12,0
DA:13,0
DA:16,1
DA:18,1
DA:19,4
DA:20,4
DA:21,4
DA:22,4
DA:24,4
DA:30,3
DA:32,1
DA:33,1
DA:35,0
DA:36,0
DA:40,1
DA:41,3
DA:42,3
DA:43,3
DA:45,3
DA:46,3
DA:47,2
DA:50,1
DA:51,1
DA:52,1
DA:54,0
DA:55,0
DA:59,1
DA:60,0
DA:61,0
DA:62,0
DA:63,0
LF:36
LH:22
BRDA:9,0,0,0
BRDA:9,0,1,0
BRDA:32,1,0,1
BRDA:32,1,1,0
BRDA:32,2,0,1
BRDA:32,2,1,0
BRDA:46,3,0,2
BRDA:46,3,1,1
BRDA:61,4,0,0
BRDA:61,4,1,0
BRF:10
BRH:4
end_of_record
TN:
SF:routes/channels.js
FN:8,(anonymous_0)
FN:16,(anonymous_1)
FN:21,(anonymous_2)
FN:25,(anonymous_3)
FN:41,(anonymous_4)
FN:52,(anonymous_5)
FN:64,(anonymous_6)
FN:91,(anonymous_7)
FN:102,(anonymous_8)
FN:120,(anonymous_9)
FN:134,(anonymous_10)
FN:143,(anonymous_11)
FN:155,(anonymous_12)
FN:185,(anonymous_13)
FN:198,(anonymous_14)
FNF:15
FNH:0
FNDA:0,(anonymous_0)
FNDA:0,(anonymous_1)
FNDA:0,(anonymous_2)
FNDA:0,(anonymous_3)
FNDA:0,(anonymous_4)
FNDA:0,(anonymous_5)
FNDA:0,(anonymous_6)
FNDA:0,(anonymous_7)
FNDA:0,(anonymous_8)
FNDA:0,(anonymous_9)
FNDA:0,(anonymous_10)
FNDA:0,(anonymous_11)
FNDA:0,(anonymous_12)
FNDA:0,(anonymous_13)
FNDA:0,(anonymous_14)
DA:8,0
DA:9,0
DA:10,0
DA:11,0
DA:14,0
DA:16,0
DA:17,0
DA:18,0
DA:19,0
DA:21,0
DA:22,0
DA:25,0
DA:26,0
DA:27,0
DA:34,0
DA:36,0
DA:37,0
DA:41,0
DA:42,0
DA:43,0
DA:44,0
DA:45,0
DA:46,0
DA:47,0
DA:50,0
DA:52,0
DA:57,0
DA:59,0
DA:60,0
DA:64,0
DA:65,0
DA:66,0
DA:67,0
DA:68,0
DA:69,0
DA:71,0
DA:73,0
DA:82,0
DA:84,0
DA:86,0
DA:87,0
DA:91,0
DA:92,0
DA:93,0
DA:95,0
DA:97,0
DA:98,0
DA:102,0
DA:103,0
DA:104,0
DA:105,0
DA:110,0
DA:111,0
DA:113,0
DA:115,0
DA:116,0
DA:120,0
DA:121,0
DA:122,0
DA:123,0
DA:125,0
DA:127,0
DA:129,0
DA:130,0
DA:134,0
DA:135,0
DA:136,0
DA:137,0
DA:139,0
DA:140,0
DA:143,0
DA:144,0
DA:145,0
DA:148,0
DA:150,0
DA:151,0
DA:155,0
DA:156,0
DA:157,0
DA:158,0
DA:160,0
DA:161,0
DA:164,0
DA:165,0
DA:167,0
DA:168,0
DA:170,0
DA:171,0
DA:172,0
DA:175,0
DA:176,0
DA:178,0
DA:180,0
DA:181,0
DA:185,0
DA:186,0
DA:187,0
DA:188,0
DA:190,0
DA:191,0
DA:194,0
DA:195,0
DA:198,0
DA:199,0
DA:201,0
DA:203,0
DA:204,0
LF:107
LH:0
BRDA:10,0,0,0
BRDA:10,0,1,0
BRDA:22,1,0,0
BRDA:22,1,1,0
BRDA:22,1,2,0
BRDA:29,2,0,0
BRDA:29,2,1,0
BRDA:30,3,0,0
BRDA:30,3,1,0
BRDA:45,4,0,0
BRDA:45,4,1,0
BRDA:47,5,0,0
BRDA:47,5,1,0
BRDA:66,6,0,0
BRDA:66,6,1,0
BRDA:68,7,0,0
BRDA:68,7,1,0
BRDA:68,8,0,0
BRDA:68,8,1,0
BRDA:75,9,0,0
BRDA:75,9,1,0
BRDA:76,10,0,0
BRDA:76,10,1,0
BRDA:77,11,0,0
BRDA:77,11,1,0
BRDA:87,12,0,0
BRDA:87,12,1,0
BRDA:98,13,0,0
BRDA:98,13,1,0
BRDA:106,14,0,0
BRDA:106,14,1,0
BRDA:116,15,0,0
BRDA:116,15,1,0
BRDA:130,16,0,0
BRDA:130,16,1,0
BRDA:137,17,0,0
BRDA:137,17,1,0
BRDA:139,18,0,0
BRDA:139,18,1,0
BRDA:139,19,0,0
BRDA:139,19,1,0
BRDA:139,19,2,0
BRDA:139,19,3,0
BRDA:143,20,0,0
BRDA:143,20,1,0
BRDA:145,21,0,0
BRDA:145,21,1,0
BRDA:158,22,0,0
BRDA:158,22,1,0
BRDA:160,23,0,0
BRDA:160,23,1,0
BRDA:160,24,0,0
BRDA:160,24,1,0
BRDA:165,25,0,0
BRDA:165,25,1,0
BRDA:168,26,0,0
BRDA:168,26,1,0
BRDA:170,27,0,0
BRDA:170,27,1,0
BRDA:171,28,0,0
BRDA:171,28,1,0
BRDA:188,29,0,0
BRDA:188,29,1,0
BRDA:190,30,0,0
BRDA:190,30,1,0
BRDA:190,31,0,0
BRDA:190,31,1,0
BRDA:190,31,2,0
BRDA:194,32,0,0
BRDA:194,32,1,0
BRDA:198,33,0,0
BRDA:198,33,1,0
BRF:72
BRH:0
end_of_record
TN:
SF:routes/columns.js
FN:8,(anonymous_0)
FN:19,(anonymous_1)
FN:22,(anonymous_2)
FN:36,(anonymous_3)
FN:56,(anonymous_4)
FN:78,(anonymous_5)
FN:99,(anonymous_6)
FN:129,(anonymous_7)
FN:144,(anonymous_8)
FNF:9
FNH:0
FNDA:0,(anonymous_0)
FNDA:0,(anonymous_1)
FNDA:0,(anonymous_2)
FNDA:0,(anonymous_3)
FNDA:0,(anonymous_4)
FNDA:0,(anonymous_5)
FNDA:0,(anonymous_6)
FNDA:0,(anonymous_7)
FNDA:0,(anonymous_8)
DA:8,0
DA:9,0
DA:10,0
DA:11,0
DA:12,0
DA:13,0
DA:14,0
DA:17,0
DA:19,0
DA:20,0
DA:21,0
DA:22,0
DA:23,0
DA:24,0
DA:29,0
DA:31,0
DA:32,0
DA:36,0
DA:37,0
DA:38,0
DA:39,0
DA:40,0
DA:43,0
DA:45,0
DA:46,0
DA:51,0
DA:52,0
DA:56,0
DA:57,0
DA:58,0
DA:59,0
DA:61,0
DA:62,0
DA:64,0
DA:71,0
DA:73,0
DA:74,0
DA:78,0
DA:79,0
DA:80,0
DA:81,0
DA:83,0
DA:84,0
DA:85,0
DA:94,0
DA:95,0
DA:99,0
DA:100,0
DA:101,0
DA:102,0
DA:104,0
DA:105,0
DA:106,0
DA:108,0
DA:109,0
DA:110,0
DA:112,0
DA:122,0
DA:124,0
DA:125,0
DA:129,0
DA:130,0
DA:131,0
DA:132,0
DA:134,0
DA:135,0
DA:137,0
DA:139,0
DA:140,0
DA:144,0
DA:145,0
DA:146,0
DA:147,0
DA:149,0
DA:150,0
DA:152,0
DA:154,0
DA:155,0
LF:78
LH:0
BRDA:10,0,0,0
BRDA:10,0,1,0
BRDA:26,1,0,0
BRDA:26,1,1,0
BRDA:39,2,0,0
BRDA:39,2,1,0
BRDA:43,3,0,0
BRDA:43,3,1,0
BRDA:48,4,0,0
BRDA:48,4,1,0
BRDA:59,5,0,0
BRDA:59,5,1,0
BRDA:62,6,0,0
BRDA:62,6,1,0
BRDA:81,7,0,0
BRDA:81,7,1,0
BRDA:90,8,0,0
BRDA:90,8,1,0
BRDA:102,9,0,0
BRDA:102,9,1,0
BRDA:105,10,0,0
BRDA:105,10,1,0
BRDA:106,11,0,0
BRDA:106,11,1,0
BRDA:109,12,0,0
BRDA:109,12,1,0
BRDA:115,13,0,0
BRDA:115,13,1,0
BRDA:116,14,0,0
BRDA:116,14,1,0
BRDA:117,15,0,0
BRDA:117,15,1,0
BRDA:132,16,0,0
BRDA:132,16,1,0
BRDA:135,17,0,0
BRDA:135,17,1,0
BRDA:147,18,0,0
BRDA:147,18,1,0
BRDA:150,19,0,0
BRDA:150,19,1,0
BRF:40
BRH:0
end_of_record
TN:
SF:routes/discussion.js
FN:7,(anonymous_0)
FN:18,(anonymous_1)
FN:20,(anonymous_2)
FN:22,(anonymous_3)
FN:24,(anonymous_4)
FN:25,(anonymous_5)
FN:28,(anonymous_6)
FN:29,(anonymous_7)
FN:31,(anonymous_8)
FN:45,(anonymous_9)
FN:48,(anonymous_10)
FN:50,(anonymous_11)
FN:52,(anonymous_12)
FNF:13
FNH:0
FNDA:0,(anonymous_0)
FNDA:0,(anonymous_1)
FNDA:0,(anonymous_2)
FNDA:0,(anonymous_3)
FNDA:0,(anonymous_4)
FNDA:0,(anonymous_5)
FNDA:0,(anonymous_6)
FNDA:0,(anonymous_7)
FNDA:0,(anonymous_8)
FNDA:0,(anonymous_9)
FNDA:0,(anonymous_10)
FNDA:0,(anonymous_11)
FNDA:0,(anonymous_12)
DA:5,0
DA:7,0
DA:8,0
DA:9,0
DA:10,0
DA:12,0
DA:13,0
DA:15,0
DA:16,0
DA:18,0
DA:20,0
DA:21,0
DA:22,0
DA:23,0
DA:24,0
DA:25,0
DA:27,0
DA:28,0
DA:29,0
DA:32,0
DA:33,0
DA:36,0
DA:38,0
DA:40,0
DA:41,0
DA:45,0
DA:46,0
DA:47,0
DA:48,0
DA:50,0
DA:52,0
DA:55,0
DA:56,0
LF:33
LH:0
BRDA:18,0,0,0
BRDA:18,0,1,0
BRDA:20,1,0,0
BRDA:20,1,1,0
BRDA:22,2,0,0
BRDA:22,2,1,0
BRDA:33,3,0,0
BRDA:33,3,1,0
BRDA:33,4,0,0
BRDA:33,4,1,0
BRF:10
BRH:0
end_of_record
TN:
SF:routes/friends.js
FN:7,(anonymous_0)
FN:16,(anonymous_1)
FN:23,(anonymous_2)
FN:41,(anonymous_3)
FN:55,(anonymous_4)
FN:75,(anonymous_5)
FN:89,(anonymous_6)
FN:96,(anonymous_7)
FN:97,(anonymous_8)
FN:100,(anonymous_9)
FN:111,(anonymous_10)
FN:123,(anonymous_11)
FN:126,(anonymous_12)
FN:138,(anonymous_13)
FNF:14
FNH:0
FNDA:0,(anonymous_0)
FNDA:0,(anonymous_1)
FNDA:0,(anonymous_2)
FNDA:0,(anonymous_3)
FNDA:0,(anonymous_4)
FNDA:0,(anonymous_5)
FNDA:0,(anonymous_6)
FNDA:0,(anonymous_7)
FNDA:0,(anonymous_8)
FNDA:0,(anonymous_9)
FNDA:0,(anonymous_10)
FNDA:0,(anonymous_11)
FNDA:0,(anonymous_12)
FNDA:0,(anonymous_13)
DA:7,0
DA:8,0
DA:9,0
DA:10,0
DA:11,0
DA:12,0
DA:13,0
DA:16,0
DA:17,0
DA:18,0
DA:21,0
DA:23,0
DA:24,0
DA:25,0
DA:26,0
DA:28,0
DA:29,0
DA:31,0
DA:36,0
DA:37,0
DA:41,0
DA:42,0
DA:43,0
DA:44,0
DA:46,0
DA:48,0
DA:50,0
DA:51,0
DA:55,0
DA:56,0
DA:57,0
DA:58,0
DA:60,0
DA:61,0
DA:63,0
DA:64,0
DA:65,0
DA:68,0
DA:70,0
DA:71,0
DA:75,0
DA:76,0
DA:77,0
DA:78,0
DA:80,0
DA:82,0
DA:84,0
DA:85,0
DA:89,0
DA:90,0
DA:91,0
DA:92,0
DA:94,0
DA:96,0
DA:97,0
DA:98,0
DA:99,0
DA:100,0
DA:101,0
DA:104,0
DA:106,0
DA:107,0
DA:111,0
DA:112,0
DA:113,0
DA:114,0
DA:116,0
DA:117,0
DA:119,0
DA:120,0
DA:123,0
DA:125,0
DA:126,0
DA:127,0
DA:128,0
DA:131,0
DA:133,0
DA:134,0
DA:138,0
DA:139,0
DA:140,0
DA:141,0
DA:143,0
DA:144,0
DA:146,0
DA:148,0
DA:150,0
DA:151,0
DA:154,0
DA:159,0
DA:161,0
DA:168,0
DA:170,0
DA:172,0
DA:173,0
LF:95
LH:0
BRDA:9,0,0,0
BRDA:9,0,1,0
BRDA:17,1,0,0
BRDA:17,1,1,0
BRDA:26,2,0,0
BRDA:26,2,1,0
BRDA:44,3,0,0
BRDA:44,3,1,0
BRDA:51,4,0,0
BRDA:51,4,1,0
BRDA:58,5,0,0
BRDA:58,5,1,0
BRDA:64,6,0,0
BRDA:64,6,1,0
BRDA:71,7,0,0
BRDA:71,7,1,0
BRDA:78,8,0,0
BRDA:78,8,1,0
BRDA:85,9,0,0
BRDA:85,9,1,0
BRDA:92,10,0,0
BRDA:92,10,1,0
BRDA:98,11,0,0
BRDA:98,11,1,0
BRDA:99,12,0,0
BRDA:99,12,1,0
BRDA:100,13,0,0
BRDA:100,13,1,0
BRDA:100,14,0,0
BRDA:100,14,1,0
BRDA:114,15,0,0
BRDA:114,15,1,0
BRDA:119,16,0,0
BRDA:119,16,1,0
BRDA:123,17,0,0
BRDA:123,17,1,0
BRDA:126,18,0,0
BRDA:126,18,1,0
BRDA:128,19,0,0
BRDA:128,19,1,0
BRDA:141,20,0,0
BRDA:141,20,1,0
BRDA:146,21,0,0
BRDA:146,21,1,0
BRDA:150,22,0,0
BRDA:150,22,1,0
BRDA:173,23,0,0
BRDA:173,23,1,0
BRF:48
BRH:0
end_of_record
TN:
SF:routes/notifications.js
FN:7,(anonymous_0)
FN:18,createNotification
FN:24,(anonymous_2)
FN:38,(anonymous_3)
FN:53,(anonymous_4)
FN:67,(anonymous_5)
FNF:6
FNH:0
FNDA:0,(anonymous_0)
FNDA:0,createNotification
FNDA:0,(anonymous_2)
FNDA:0,(anonymous_3)
FNDA:0,(anonymous_4)
FNDA:0,(anonymous_5)
DA:7,0
DA:8,0
DA:9,0
DA:10,0
DA:11,0
DA:12,0
DA:13,0
DA:16,0
DA:19,0
DA:20,0
DA:21,0
DA:24,0
DA:25,0
DA:26,0
DA:27,0
DA:29,0
DA:31,0
DA:33,0
DA:34,0
DA:38,0
DA:39,0
DA:40,0
DA:41,0
DA:43,0
DA:44,0
DA:46,0
DA:48,0
DA:49,0
DA:53,0
DA:54,0
DA:55,0
DA:56,0
DA:58,0
DA:60,0
DA:62,0
DA:63,0
DA:67,0
DA:68,0
DA:69,0
DA:70,0
DA:72,0
DA:73,0
DA:75,0
DA:76,0
LF:44
LH:0
BRDA:9,0,0,0
BRDA:9,0,1,0
BRDA:18,1,0,0
BRDA:27,2,0,0
BRDA:27,2,1,0
BRDA:41,3,0,0
BRDA:41,3,1,0
BRDA:44,4,0,0
BRDA:44,4,1,0
BRDA:56,5,0,0
BRDA:56,5,1,0
BRDA:70,6,0,0
BRDA:70,6,1,0
BRF:13
BRH:0
end_of_record
TN:
SF:routes/polls.js
FN:7,(anonymous_0)
FN:18,(anonymous_1)
FN:29,(anonymous_2)
FN:39,(anonymous_3)
FN:70,(anonymous_4)
FN:90,(anonymous_5)
FNF:6
FNH:0
FNDA:0,(anonymous_0)
FNDA:0,(anonymous_1)
FNDA:0,(anonymous_2)
FNDA:0,(anonymous_3)
FNDA:0,(anonymous_4)
FNDA:0,(anonymous_5)
DA:7,0
DA:8,0
DA:9,0
DA:10,0
DA:11,0
DA:12,0
DA:13,0
DA:16,0
DA:18,0
DA:19,0
DA:20,0
DA:21,0
DA:22,0
DA:24,0
DA:25,0
DA:29,0
DA:30,0
DA:31,0
DA:32,0
DA:34,0
DA:35,0
DA:39,0
DA:40,0
DA:41,0
DA:42,0
DA:44,0
DA:45,0
DA:46,0
DA:48,0
DA:57,0
DA:58,0
DA:61,0
DA:63,0
DA:65,0
DA:66,0
DA:70,0
DA:71,0
DA:72,0
DA:73,0
DA:75,0
DA:76,0
DA:77,0
DA:79,0
DA:81,0
DA:83,0
DA:85,0
DA:86,0
DA:90,0
DA:91,0
DA:92,0
DA:93,0
DA:95,0
DA:97,0
DA:99,0
DA:100,0
LF:55
LH:0
BRDA:9,0,0,0
BRDA:9,0,1,0
BRDA:21,1,0,0
BRDA:21,1,1,0
BRDA:32,2,0,0
BRDA:32,2,1,0
BRDA:42,3,0,0
BRDA:42,3,1,0
BRDA:44,4,0,0
BRDA:44,5,0,0
BRDA:44,6,0,0
BRDA:45,7,0,0
BRDA:45,7,1,0
BRDA:45,8,0,0
BRDA:45,8,1,0
BRDA:45,8,2,0
BRDA:57,9,0,0
BRDA:57,9,1,0
BRDA:73,10,0,0
BRDA:73,10,1,0
BRDA:76,11,0,0
BRDA:76,11,1,0
BRDA:76,12,0,0
BRDA:76,12,1,0
BRDA:86,13,0,0
BRDA:86,13,1,0
BRDA:93,14,0,0
BRDA:93,14,1,0
BRDA:100,15,0,0
BRDA:100,15,1,0
BRF:30
BRH:0
end_of_record
TN:
SF:routes/posts.js
FN:8,(anonymous_0)
FN:14,(anonymous_1)
FN:21,(anonymous_2)
FN:25,(anonymous_3)
FN:34,(anonymous_4)
FN:42,(anonymous_5)
FN:43,(anonymous_6)
FN:46,(anonymous_7)
FN:49,(anonymous_8)
FN:50,(anonymous_9)
FN:51,(anonymous_10)
FN:62,(anonymous_11)
FN:79,(anonymous_12)
FN:88,(anonymous_13)
FN:101,(anonymous_14)
FN:121,(anonymous_15)
FN:142,(anonymous_16)
FN:152,(anonymous_17)
FN:164,(anonymous_18)
FN:181,(anonymous_19)
FN:208,(anonymous_20)
FN:229,(anonymous_21)
FN:254,(anonymous_22)
FN:271,(anonymous_23)
FNF:24
FNH:0
FNDA:0,(anonymous_0)
FNDA:0,(anonymous_1)
FNDA:0,(anonymous_2)
FNDA:0,(anonymous_3)
FNDA:0,(anonymous_4)
FNDA:0,(anonymous_5)
FNDA:0,(anonymous_6)
FNDA:0,(anonymous_7)
FNDA:0,(anonymous_8)
FNDA:0,(anonymous_9)
FNDA:0,(anonymous_10)
FNDA:0,(anonymous_11)
FNDA:0,(anonymous_12)
FNDA:0,(anonymous_13)
FNDA:0,(anonymous_14)
FNDA:0,(anonymous_15)
FNDA:0,(anonymous_16)
FNDA:0,(anonymous_17)
FNDA:0,(anonymous_18)
FNDA:0,(anonymous_19)
FNDA:0,(anonymous_20)
FNDA:0,(anonymous_21)
FNDA:0,(anonymous_22)
FNDA:0,(anonymous_23)
DA:8,0
DA:9,0
DA:10,0
DA:11,0
DA:14,0
DA:21,0
DA:25,0
DA:32,0
DA:34,0
DA:35,0
DA:36,0
DA:38,0
DA:39,0
DA:41,0
DA:42,0
DA:43,0
DA:44,0
DA:45,0
DA:46,0
DA:49,0
DA:50,0
DA:51,0
DA:54,0
DA:55,0
DA:57,0
DA:58,0
DA:62,0
DA:63,0
DA:64,0
DA:65,0
DA:67,0
DA:69,0
DA:70,0
DA:72,0
DA:74,0
DA:75,0
DA:79,0
DA:80,0
DA:81,0
DA:83,0
DA:88,0
DA:92,0
DA:94,0
DA:96,0
DA:97,0
DA:101,0
DA:102,0
DA:103,0
DA:104,0
DA:106,0
DA:107,0
DA:109,0
DA:110,0
DA:111,0
DA:114,0
DA:116,0
DA:117,0
DA:121,0
DA:122,0
DA:123,0
DA:124,0
DA:126,0
DA:128,0
DA:130,0
DA:131,0
DA:132,0
DA:135,0
DA:137,0
DA:138,0
DA:142,0
DA:143,0
DA:144,0
DA:145,0
DA:147,0
DA:149,0
DA:151,0
DA:152,0
DA:153,0
DA:154,0
DA:157,0
DA:159,0
DA:160,0
DA:164,0
DA:165,0
DA:166,0
DA:167,0
DA:168,0
DA:170,0
DA:171,0
DA:174,0
DA:176,0
DA:177,0
DA:181,0
DA:182,0
DA:183,0
DA:184,0
DA:185,0
DA:188,0
DA:195,0
DA:197,0
DA:198,0
DA:199,0
DA:201,0
DA:202,0
DA:204,0
DA:208,0
DA:209,0
DA:210,0
DA:216,0
DA:218,0
DA:219,0
DA:220,0
DA:222,0
DA:223,0
DA:225,0
DA:229,0
DA:230,0
DA:231,0
DA:232,0
DA:234,0
DA:235,0
DA:238,0
DA:239,0
DA:240,0
DA:241,0
DA:242,0
DA:243,0
DA:244,0
DA:246,0
DA:247,0
DA:249,0
DA:250,0
DA:254,0
DA:255,0
DA:256,0
DA:257,0
DA:259,0
DA:260,0
DA:263,0
DA:264,0
DA:266,0
DA:267,0
DA:271,0
DA:272,0
DA:273,0
DA:274,0
DA:276,0
DA:277,0
DA:279,0
DA:280,0
LF:150
LH:0
BRDA:10,0,0,0
BRDA:10,0,1,0
BRDA:11,1,0,0
BRDA:11,1,1,0
BRDA:17,2,0,0
BRDA:17,2,1,0
BRDA:17,3,0,0
BRDA:17,3,1,0
BRDA:18,4,0,0
BRDA:18,4,1,0
BRDA:24,5,0,0
BRDA:24,5,1,0
BRDA:24,6,0,0
BRDA:24,6,1,0
BRDA:24,7,0,0
BRDA:24,7,1,0
BRDA:24,8,0,0
BRDA:24,8,1,0
BRDA:25,9,0,0
BRDA:25,9,1,0
BRDA:28,10,0,0
BRDA:28,10,1,0
BRDA:28,11,0,0
BRDA:28,11,1,0
BRDA:28,12,0,0
BRDA:28,12,1,0
BRDA:28,13,0,0
BRDA:28,13,1,0
BRDA:36,14,0,0
BRDA:36,15,0,0
BRDA:36,16,0,0
BRDA:39,17,0,0
BRDA:39,17,1,0
BRDA:41,18,0,0
BRDA:41,18,1,0
BRDA:42,19,0,0
BRDA:42,19,1,0
BRDA:43,20,0,0
BRDA:43,20,1,0
BRDA:43,21,0,0
BRDA:43,21,1,0
BRDA:44,22,0,0
BRDA:44,22,1,0
BRDA:46,23,0,0
BRDA:46,23,1,0
BRDA:49,24,0,0
BRDA:49,24,1,0
BRDA:49,25,0,0
BRDA:49,25,1,0
BRDA:49,26,0,0
BRDA:49,26,1,0
BRDA:49,27,0,0
BRDA:49,27,1,0
BRDA:49,28,0,0
BRDA:49,28,1,0
BRDA:50,29,0,0
BRDA:50,29,1,0
BRDA:51,30,0,0
BRDA:51,30,1,0
BRDA:51,31,0,0
BRDA:51,31,1,0
BRDA:51,32,0,0
BRDA:51,32,1,0
BRDA:65,33,0,0
BRDA:65,33,1,0
BRDA:87,34,0,0
BRDA:87,34,1,0
BRDA:88,35,0,0
BRDA:88,35,1,0
BRDA:89,36,0,0
BRDA:89,36,1,0
BRDA:106,37,0,0
BRDA:106,37,1,0
BRDA:107,38,0,0
BRDA:107,38,1,0
BRDA:109,39,0,0
BRDA:109,39,1,0
BRDA:124,40,0,0
BRDA:124,40,1,0
BRDA:131,41,0,0
BRDA:131,41,1,0
BRDA:131,42,0,0
BRDA:131,42,1,0
BRDA:145,43,0,0
BRDA:145,43,1,0
BRDA:153,44,0,0
BRDA:153,44,1,0
BRDA:153,45,0,0
BRDA:153,45,1,0
BRDA:168,46,0,0
BRDA:168,46,1,0
BRDA:170,47,0,0
BRDA:170,47,1,0
BRDA:174,48,0,0
BRDA:174,48,1,0
BRDA:174,49,0,0
BRDA:174,49,1,0
BRDA:184,50,0,0
BRDA:184,50,1,0
BRDA:184,51,0,0
BRDA:184,51,1,0
BRDA:198,52,0,0
BRDA:198,52,1,0
BRDA:201,53,0,0
BRDA:201,53,1,0
BRDA:219,54,0,0
BRDA:219,54,1,0
BRDA:222,55,0,0
BRDA:222,55,1,0
BRDA:232,56,0,0
BRDA:232,56,1,0
BRDA:234,57,0,0
BRDA:234,57,1,0
BRDA:234,58,0,0
BRDA:234,58,1,0
BRDA:240,59,0,0
BRDA:240,59,1,0
BRDA:241,60,0,0
BRDA:241,60,1,0
BRDA:242,61,0,0
BRDA:242,61,1,0
BRDA:243,62,0,0
BRDA:243,62,1,0
BRDA:243,63,0,0
BRDA:243,63,1,0
BRDA:244,64,0,0
BRDA:244,64,1,0
BRDA:257,65,0,0
BRDA:257,65,1,0
BRDA:259,66,0,0
BRDA:259,66,1,0
BRDA:259,67,0,0
BRDA:259,67,1,0
BRDA:276,68,0,0
BRDA:276,68,1,0
BRF:135
BRH:0
end_of_record
TN:
SF:routes/tags.js
FN:7,(anonymous_0)
FN:12,(anonymous_1)
FN:13,(anonymous_2)
FN:22,(anonymous_3)
FN:27,(anonymous_4)
FN:61,(anonymous_5)
FNF:6
FNH:0
FNDA:0,(anonymous_0)
FNDA:0,(anonymous_1)
FNDA:0,(anonymous_2)
FNDA:0,(anonymous_3)
FNDA:0,(anonymous_4)
FNDA:0,(anonymous_5)
DA:5,0
DA:7,0
DA:8,0
DA:9,0
DA:10,0
DA:12,0
DA:13,0
DA:15,0
DA:17,0
DA:18,0
DA:22,0
DA:23,0
DA:24,0
DA:25,0
DA:27,0
DA:28,0
DA:29,0
DA:40,0
DA:41,0
DA:42,0
DA:43,0
DA:44,0
DA:45,0
DA:46,0
DA:61,0
DA:62,0
DA:64,0
DA:65,0
LF:28
LH:0
BRDA:9,0,0,0
BRDA:12,1,0,0
BRDA:12,1,1,0
BRDA:13,2,0,0
BRDA:13,2,1,0
BRDA:13,3,0,0
BRDA:13,3,1,0
BRDA:33,4,0,0
BRDA:33,4,1,0
BRDA:34,5,0,0
BRDA:34,5,1,0
BRDA:34,6,0,0
BRDA:34,6,1,0
BRDA:35,7,0,0
BRDA:35,7,1,0
BRDA:43,8,0,0
BRDA:43,8,1,0
BRDA:44,9,0,0
BRDA:44,9,1,0
BRDA:52,10,0,0
BRDA:52,10,1,0
BRDA:53,11,0,0
BRDA:53,11,1,0
BRF:23
BRH:0
end_of_record
TN:
SF:routes/users.js
FN:12,(anonymous_0)
FN:15,(anonymous_1)
FN:24,(anonymous_2)
FN:30,(anonymous_3)
FN:38,(anonymous_4)
FN:47,(anonymous_5)
FN:55,(anonymous_6)
FN:73,(anonymous_7)
FN:90,(anonymous_8)
FN:112,(anonymous_9)
FN:119,(anonymous_10)
FN:130,(anonymous_11)
FN:137,(anonymous_12)
FN:148,(anonymous_13)
FNF:14
FNH:0
FNDA:0,(anonymous_0)
FNDA:0,(anonymous_1)
FNDA:0,(anonymous_2)
FNDA:0,(anonymous_3)
FNDA:0,(anonymous_4)
FNDA:0,(anonymous_5)
FNDA:0,(anonymous_6)
FNDA:0,(anonymous_7)
FNDA:0,(anonymous_8)
FNDA:0,(anonymous_9)
FNDA:0,(anonymous_10)
FNDA:0,(anonymous_11)
FNDA:0,(anonymous_12)
FNDA:0,(anonymous_13)
DA:9,0
DA:11,0
DA:13,0
DA:16,0
DA:17,0
DA:21,0
DA:25,0
DA:26,0
DA:30,0
DA:31,0
DA:32,0
DA:33,0
DA:36,0
DA:38,0
DA:39,0
DA:40,0
DA:42,0
DA:43,0
DA:47,0
DA:48,0
DA:49,0
DA:50,0
DA:52,0
DA:54,0
DA:55,0
DA:61,0
DA:68,0
DA:69,0
DA:73,0
DA:74,0
DA:75,0
DA:76,0
DA:77,0
DA:78,0
DA:79,0
DA:80,0
DA:82,0
DA:83,0
DA:85,0
DA:86,0
DA:90,0
DA:91,0
DA:92,0
DA:94,0
DA:95,0
DA:97,0
DA:99,0
DA:100,0
DA:101,0
DA:104,0
DA:105,0
DA:107,0
DA:108,0
DA:112,0
DA:113,0
DA:114,0
DA:115,0
DA:117,0
DA:118,0
DA:119,0
DA:123,0
DA:125,0
DA:126,0
DA:130,0
DA:131,0
DA:132,0
DA:133,0
DA:135,0
DA:136,0
DA:137,0
DA:141,0
DA:143,0
DA:144,0
DA:148,0
DA:149,0
DA:150,0
DA:152,0
DA:153,0
DA:155,0
DA:156,0
DA:158,0
DA:160,0
DA:161,0
LF:83
LH:0
BRDA:17,0,0,0
BRDA:17,0,1,0
BRDA:25,1,0,0
BRDA:25,1,1,0
BRDA:31,2,0,0
BRDA:31,2,1,0
BRDA:40,3,0,0
BRDA:40,3,1,0
BRDA:50,4,0,0
BRDA:50,4,1,0
BRDA:52,5,0,0
BRDA:52,5,1,0
BRDA:57,6,0,0
BRDA:57,6,1,0
BRDA:57,7,0,0
BRDA:57,7,1,0
BRDA:58,8,0,0
BRDA:58,8,1,0
BRDA:63,9,0,0
BRDA:63,9,1,0
BRDA:64,10,0,0
BRDA:64,10,1,0
BRDA:77,11,0,0
BRDA:77,11,1,0
BRDA:78,12,0,0
BRDA:78,12,1,0
BRDA:79,13,0,0
BRDA:79,13,1,0
BRDA:80,14,0,0
BRDA:80,14,1,0
BRDA:83,15,0,0
BRDA:83,15,1,0
BRDA:92,16,0,0
BRDA:92,16,1,0
BRDA:94,17,0,0
BRDA:94,17,1,0
BRDA:94,18,0,0
BRDA:94,18,1,0
BRDA:99,19,0,0
BRDA:99,19,1,0
BRDA:105,20,0,0
BRDA:105,20,1,0
BRDA:115,21,0,0
BRDA:115,21,1,0
BRDA:133,22,0,0
BRDA:133,22,1,0
BRDA:150,23,0,0
BRDA:150,23,1,0
BRDA:153,24,0,0
BRDA:153,24,1,0
BRDA:156,25,0,0
BRDA:156,25,1,0
BRF:52
BRH:0
end_of_record
TN:
SF:services/socket.js
FN:8,initSocket
FN:16,(anonymous_1)
FN:34,(anonymous_2)
FN:37,(anonymous_3)
FN:54,(anonymous_4)
FN:58,(anonymous_5)
FN:71,(anonymous_6)
FN:75,(anonymous_7)
FN:83,(anonymous_8)
FN:91,getIO
FN:95,emitToChannel
FN:101,emitToDm
FN:107,emitToUser
FN:113,emitDmToParticipants
FN:115,(anonymous_14)
FNF:15
FNH:0
FNDA:0,initSocket
FNDA:0,(anonymous_1)
FNDA:0,(anonymous_2)
FNDA:0,(anonymous_3)
FNDA:0,(anonymous_4)
FNDA:0,(anonymous_5)
FNDA:0,(anonymous_6)
FNDA:0,(anonymous_7)
FNDA:0,(anonymous_8)
FNDA:0,getIO
FNDA:0,emitToChannel
FNDA:0,emitToDm
FNDA:0,emitToUser
FNDA:0,emitDmToParticipants
FNDA:0,(anonymous_14)
DA:6,0
DA:9,0
DA:16,0
DA:17,0
DA:18,0
DA:19,0
DA:21,0
DA:22,0
DA:23,0
DA:24,0
DA:25,0
DA:26,0
DA:28,0
DA:30,0
DA:34,0
DA:35,0
DA:37,0
DA:38,0
DA:39,0
DA:40,0
DA:41,0
DA:43,0
DA:47,0
DA:48,0
DA:50,0
DA:51,0
DA:54,0
DA:55,0
DA:58,0
DA:59,0
DA:60,0
DA:61,0
DA:62,0
DA:64,0
DA:65,0
DA:66,0
DA:68,0
DA:71,0
DA:72,0
DA:75,0
DA:76,0
DA:77,0
DA:78,0
DA:80,0
DA:83,0
DA:84,0
DA:88,0
DA:92,0
DA:96,0
DA:97,0
DA:102,0
DA:103,0
DA:108,0
DA:109,0
DA:114,0
DA:115,0
DA:116,0
LF:57
LH:0
BRDA:11,0,0,0
BRDA:11,0,1,0
BRDA:18,1,0,0
BRDA:18,1,1,0
BRDA:25,2,0,0
BRDA:25,2,1,0
BRDA:39,3,0,0
BRDA:39,3,1,0
BRDA:43,4,0,0
BRDA:43,4,1,0
BRDA:43,5,0,0
BRDA:43,5,1,0
BRDA:43,5,2,0
BRDA:43,5,3,0
BRDA:60,6,0,0
BRDA:60,6,1,0
BRDA:64,7,0,0
BRDA:64,7,1,0
BRDA:64,8,0,0
BRDA:64,8,1,0
BRDA:76,9,0,0
BRDA:76,9,1,0
BRDA:76,10,0,0
BRDA:76,10,1,0
BRDA:96,11,0,0
BRDA:96,11,1,0
BRDA:102,12,0,0
BRDA:102,12,1,0
BRDA:108,13,0,0
BRDA:108,13,1,0
BRDA:114,14,0,0
BRDA:114,14,1,0
BRDA:114,15,0,0
BRDA:114,15,1,0
BRF:34
BRH:0
end_of_record
